Build started 03/08/2014 00:07:55.
     1>Project "C:\Users\Ian ev\Dropbox\Entity Studios\PirateTowerDefense\PirateTowerDefense\PirateTowerDefense.vcxproj" on node 2 (build target(s)).
     1>InitializeBuildStatus:
         Creating "Debug\PirateTowerDefense.unsuccessfulbuild" because "AlwaysCreate" was specified.
       ClCompile:
         c:\Program Files (x86)\Microsoft Visual Studio 10.0\VC\bin\CL.exe /c /I"C:\Users\Ian ev\Documents\Code\glut-3.7\include" /ZI /nologo /W3 /WX- /Od /Oy- /D _MBCS /Gm /EHsc /RTC1 /MDd /GS /fp:precise /Zc:wchar_t /Zc:forScope /Fo"Debug\\" /Fd"Debug\vc100.pdb" /Gd /TP /analyze- /errorReport:prompt world.cpp
         world.cpp
       Link:
         c:\Program Files (x86)\Microsoft Visual Studio 10.0\VC\bin\link.exe /ERRORREPORT:PROMPT /OUT:"C:\Users\Ian ev\Dropbox\Entity Studios\PirateTowerDefense\Debug\PirateTowerDefense.exe" /NOLOGO /LIBPATH:"C:\Users\Ian ev\Documents\Code\glut-3.7\lib" SOIL.lib kernel32.lib user32.lib gdi32.lib winspool.lib comdlg32.lib advapi32.lib shell32.lib ole32.lib oleaut32.lib uuid.lib odbc32.lib odbccp32.lib /MANIFEST /ManifestFile:"Debug\PirateTowerDefense.exe.intermediate.manifest" /MANIFESTUAC:"level='asInvoker' uiAccess='false'" /DEBUG /PDB:"C:\Users\Ian ev\Dropbox\Entity Studios\PirateTowerDefense\Debug\PirateTowerDefense.pdb" /TLBID:1 /DYNAMICBASE /NXCOMPAT /IMPLIB:"C:\Users\Ian ev\Dropbox\Entity Studios\PirateTowerDefense\Debug\PirateTowerDefense.lib" /MACHINE:X86 Debug\defense.obj
         Debug\defenseStates.obj
         Debug\Grid.obj
         Debug\main.obj
         Debug\node.obj
         Debug\world.obj
         LINK : C:\Users\Ian ev\Dropbox\Entity Studios\PirateTowerDefense\Debug\PirateTowerDefense.exe not found or not built by the last incremental link; performing full link
     1>SOIL.lib(image_DXT.obj) : warning LNK4099: PDB 'vc100.pdb' was not found with 'SOIL.lib(image_DXT.obj)' or at 'C:\Users\Ian ev\Dropbox\Entity Studios\PirateTowerDefense\Debug\vc100.pdb'; linking object as if no debug info
     1>SOIL.lib(image_helper.obj) : warning LNK4099: PDB 'vc100.pdb' was not found with 'SOIL.lib(image_helper.obj)' or at 'C:\Users\Ian ev\Dropbox\Entity Studios\PirateTowerDefense\Debug\vc100.pdb'; linking object as if no debug info
     1>SOIL.lib(SOIL.obj) : warning LNK4099: PDB 'vc100.pdb' was not found with 'SOIL.lib(SOIL.obj)' or at 'C:\Users\Ian ev\Dropbox\Entity Studios\PirateTowerDefense\Debug\vc100.pdb'; linking object as if no debug info
     1>SOIL.lib(stb_image_aug.obj) : warning LNK4099: PDB 'vc100.pdb' was not found with 'SOIL.lib(stb_image_aug.obj)' or at 'C:\Users\Ian ev\Dropbox\Entity Studios\PirateTowerDefense\Debug\vc100.pdb'; linking object as if no debug info
         PirateTowerDefense.vcxproj -> C:\Users\Ian ev\Dropbox\Entity Studios\PirateTowerDefense\Debug\PirateTowerDefense.exe
       Manifest:
         C:\Program Files (x86)\Microsoft SDKs\Windows\v7.0A\bin\mt.exe /nologo /verbose /outputresource:"C:\Users\Ian ev\Dropbox\Entity Studios\PirateTowerDefense\Debug\PirateTowerDefense.exe;#1" /manifest Debug\PirateTowerDefense.exe.intermediate.manifest
       FinalizeBuildStatus:
         Deleting file "Debug\PirateTowerDefense.unsuccessfulbuild".
         Touching "Debug\PirateTowerDefense.lastbuildstate".
     1>Done Building Project "C:\Users\Ian ev\Dropbox\Entity Studios\PirateTowerDefense\PirateTowerDefense\PirateTowerDefense.vcxproj" (build target(s)).

Build succeeded.

Time Elapsed 00:00:00.77
